<?xml version="1.0" encoding="UTF-8"?>
<!-- Generated by org.testng.reporters.JUnitXMLReporter -->
<testsuite hostname="DESKTOP-MM29R1T" ignored="0" name="Test" tests="1" failures="1" timestamp="13 Jul 2018 04:04:13 GMT" time="21.147" errors="0">
  <testcase name="loginBrowser" time="13.491" classname="Edureka_mavenProj.Edureka_mavenProj.EditProfile">
    <failure type="org.openqa.selenium.NoSuchFrameException" message="No frame element found by name or id CDwindow-201BAE00346DDDE50DB3F2F908C8908B
Build info: version: &amp;apos;3.12.0&amp;apos;, revision: &amp;apos;7c6e0b3&amp;apos;, time: &amp;apos;2018-05-08T14:04:26.12Z&amp;apos;
System info: host: &amp;apos;DESKTOP-MM29R1T&amp;apos;, ip: &amp;apos;192.168.1.3&amp;apos;, os.name: &amp;apos;Windows 10&amp;apos;, os.arch: &amp;apos;amd64&amp;apos;, os.version: &amp;apos;10.0&amp;apos;, java.version: &amp;apos;1.8.0_102&amp;apos;
Driver info: driver.version: unknown">
      <![CDATA[org.openqa.selenium.NoSuchFrameException: No frame element found by name or id CDwindow-201BAE00346DDDE50DB3F2F908C8908B
Build info: version: '3.12.0', revision: '7c6e0b3', time: '2018-05-08T14:04:26.12Z'
System info: host: 'DESKTOP-MM29R1T', ip: '192.168.1.3', os.name: 'Windows 10', os.arch: 'amd64', os.version: '10.0', java.version: '1.8.0_102'
Driver info: driver.version: unknown
at org.openqa.selenium.remote.RemoteWebDriver$RemoteTargetLocator.frame(RemoteWebDriver.java:876)
at Edureka_mavenProj.Edureka_mavenProj.EditProfile.loginBrowser(EditProfile.java:48)
... Removed 25 stack frames]]>
    </failure>
  </testcase> <!-- loginBrowser -->
</testsuite> <!-- Test -->
